[debug] [2023-09-16T18:24:38.824Z] ----------------------------------------------------------------------
[debug] [2023-09-16T18:24:38.828Z] Command:       /usr/local/bin/node /usr/local/bin/firebase init
[debug] [2023-09-16T18:24:38.829Z] CLI Version:   12.5.3
[debug] [2023-09-16T18:24:38.829Z] Platform:      linux
[debug] [2023-09-16T18:24:38.829Z] Node Version:  v18.17.0
[debug] [2023-09-16T18:24:38.830Z] Time:          Sat Sep 16 2023 19:24:38 GMT+0100 (West Africa Standard Time)
[debug] [2023-09-16T18:24:38.830Z] ----------------------------------------------------------------------
[debug] 
[debug] [2023-09-16T18:24:38.849Z] >>> [apiv2][query] GET https://firebase-public.firebaseio.com/cli.json [none]
[debug] [2023-09-16T18:24:39.171Z] > command requires scopes: ["email","openid","https://www.googleapis.com/auth/cloudplatformprojects.readonly","https://www.googleapis.com/auth/firebase","https://www.googleapis.com/auth/cloud-platform"]
[debug] [2023-09-16T18:24:39.171Z] > authorizing via signed-in user (ibifaaibisakiaruoture@gmail.com)
[info] 
     ######## #### ########  ######## ########     ###     ######  ########
     ##        ##  ##     ## ##       ##     ##  ##   ##  ##       ##
     ######    ##  ########  ######   ########  #########  ######  ######
     ##        ##  ##    ##  ##       ##     ## ##     ##       ## ##
     ##       #### ##     ## ######## ########  ##     ##  ######  ########

You're about to initialize a Firebase project in this directory:

  /home/ibifaa/Documents/React Project/movie-app

Before we get started, keep in mind:

  * You are initializing within an existing Firebase project directory

[debug] [2023-09-16T18:24:40.021Z] <<< [apiv2][status] GET https://firebase-public.firebaseio.com/cli.json 200
[debug] [2023-09-16T18:24:40.022Z] <<< [apiv2][body] GET https://firebase-public.firebaseio.com/cli.json {"cloudBuildErrorAfter":1594252800000,"cloudBuildWarnAfter":1590019200000,"defaultNode10After":1594252800000,"minVersion":"3.0.5","node8DeploysDisabledAfter":1613390400000,"node8RuntimeDisabledAfter":1615809600000,"node8WarnAfter":1600128000000}
